0 info it worked if it ends with ok
1 verbose cli [ 'D:\\Program Files\\nodejs\\node.exe',
1 verbose cli   'C:\\Users\\kv\\AppData\\Roaming\\npm\\node_modules\\cnpm\\node_modules\\npm\\bin\\npm-cli.js',
1 verbose cli   '--userconfig=C:\\Users\\kv\\.cnpmrc',
1 verbose cli   '--disturl=https://npm.taobao.org/mirrors/node',
1 verbose cli   '--registry=https://registry.npm.taobao.org',
1 verbose cli   'start' ]
2 info using npm@3.10.10
3 info using node@v6.9.5
4 verbose stack Error: ENOENT: no such file or directory, open 'H:\eclipse_workspace\questionnaire-survey\package.json'
4 verbose stack     at Error (native)
5 verbose cwd H:\eclipse_workspace\questionnaire-survey
6 error Windows_NT 10.0.10240
7 error argv "D:\\Program Files\\nodejs\\node.exe" "C:\\Users\\kv\\AppData\\Roaming\\npm\\node_modules\\cnpm\\node_modules\\npm\\bin\\npm-cli.js" "--userconfig=C:\\Users\\kv\\.cnpmrc" "--disturl=https://npm.taobao.org/mirrors/node" "--registry=https://registry.npm.taobao.org" "start"
8 error node v6.9.5
9 error npm  v3.10.10
10 error path H:\eclipse_workspace\questionnaire-survey\package.json
11 error code ENOENT
12 error errno -4058
13 error syscall open
14 error enoent ENOENT: no such file or directory, open 'H:\eclipse_workspace\questionnaire-survey\package.json'
15 error enoent ENOENT: no such file or directory, open 'H:\eclipse_workspace\questionnaire-survey\package.json'
15 error enoent This is most likely not a problem with npm itself
15 error enoent and is related to npm not being able to find a file.
16 verbose exit [ -4058, true ]
